#
# There is insufficient memory for the Java Runtime Environment to continue.
# Native memory allocation (malloc) failed to allocate 704656 bytes for Chunk::new
# Possible reasons:
#   The system is out of physical RAM or swap space
#   In 32 bit mode, the process size limit was hit
# Possible solutions:
#   Reduce memory load on the system
#   Increase physical memory or swap space
#   Check if swap backing store is full
#   Use 64 bit Java on a 64 bit OS
#   Decrease Java heap size (-Xmx/-Xms)
#   Decrease number of Java threads
#   Decrease Java thread stack sizes (-Xss)
#   Set larger code cache with -XX:ReservedCodeCacheSize=
# This output file may be truncated or incomplete.
#
#  Out of Memory Error (allocation.cpp:390), pid=3120, tid=0x0000000000002710
#
# JRE version: Java(TM) SE Runtime Environment (8.0_161-b12) (build 1.8.0_161-b12)
# Java VM: Java HotSpot(TM) 64-Bit Server VM (25.161-b12 mixed mode windows-amd64 compressed oops)
# Failed to write core dump. Minidumps are not enabled by default on client versions of Windows
#

---------------  T H R E A D  ---------------

Current thread (0x00000000584ea800):  JavaThread "C2 CompilerThread1" daemon [_thread_in_native, id=10000, stack(0x0000000058ef0000,0x0000000058ff0000)]

Stack: [0x0000000058ef0000,0x0000000058ff0000]
[error occurred during error reporting (printing stack bounds), id 0xc0000005]

Native frames: (J=compiled Java code, j=interpreted, Vv=VM code, C=native code)


Current CompileTask:
C2:    881 1298   !   4       java.net.URL::<init> (543 bytes)


---------------  P R O C E S S  ---------------

Java Threads: ( => current thread )
  0x0000000059963000 JavaThread "DestroyJavaVM" [_thread_blocked, id=6684, stack(0x0000000002210000,0x0000000002310000)]
  0x0000000059962800 JavaThread "background-preinit" [_thread_blocked, id=4588, stack(0x0000000059c70000,0x0000000059d70000)]
  0x000000005856e800 JavaThread "Service Thread" daemon [_thread_blocked, id=6932, stack(0x00000000590e0000,0x00000000591e0000)]
  0x00000000584ed800 JavaThread "C1 CompilerThread2" daemon [_thread_blocked, id=12264, stack(0x0000000058d60000,0x0000000058e60000)]
=>0x00000000584ea800 JavaThread "C2 CompilerThread1" daemon [_thread_in_native, id=10000, stack(0x0000000058ef0000,0x0000000058ff0000)]
  0x00000000584cb000 JavaThread "C2 CompilerThread0" daemon [_thread_in_native, id=11300, stack(0x0000000058b00000,0x0000000058c00000)]
  0x00000000584ca800 JavaThread "Attach Listener" daemon [_thread_blocked, id=10900, stack(0x0000000058c10000,0x0000000058d10000)]
  0x000000005710f000 JavaThread "Signal Dispatcher" daemon [_thread_blocked, id=864, stack(0x0000000058950000,0x0000000058a50000)]
  0x00000000570fc000 JavaThread "Finalizer" daemon [_thread_blocked, id=9332, stack(0x00000000582c0000,0x00000000583c0000)]
  0x00000000570b5000 JavaThread "Reference Handler" daemon [_thread_blocked, id=8200, stack(0x00000000583c0000,0x00000000584c0000)]

Other Threads:
  0x00000000570ad000 VMThread [stack: 0x0000000058130000,0x0000000058230000] [id=4944]
  0x00000000584f3000 WatcherThread [stack: 0x0000000059200000,0x0000000059300000] [id=12104]

VM state:at safepoint (normal execution)

VM Mutex/Monitor currently owned by a thread:  ([mutex/lock_event])
[0x00000000020a8900] Threads_lock - owner thread: 0x00000000570ad000
[0x00000000020a8e00] Heap_lock - owner thread: 0x0000000059962800

Heap:
 PSYoungGen      total 38400K, used 5096K [0x00000000d5f00000, 0x00000000daa00000, 0x0000000100000000)
  eden space 33280K, 0% used [0x00000000d5f00000,0x00000000d5f00000,0x00000000d7f80000)
  from space 5120K, 99% used [0x00000000d7f80000,0x00000000d847a218,0x00000000d8480000)
  to   space 5120K, 0% used [0x00000000da500000,0x00000000da500000,0x00000000daa00000)
 ParOldGen       total 87552K, used 5065K [0x0000000081c00000, 0x0000000087180000, 0x00000000d5f00000)
  object space 87552K, 5% used [0x0000000081c00000,0x00000000820f26c0,0x0000000087180000)
 Metaspace       used 19390K, capacity 19950K, committed 20096K, reserved 1071104K
  class space    used 2478K, capacity 2627K, committed 2688K, reserved 1048576K

Card table byte_map: [0x00000000116d0000,0x0000000011ad0000] byte_map_base: 0x00000000112c2000

Marking Bits: (ParMarkBitMap*) 0x000000006f32f860
 Begin Bits: [0x0000000012400000, 0x0000000014390000)
 End Bits:   [0x0000000014390000, 0x0000000016320000)

Polling page: 0x0000000000100000

CodeCache: size=245760Kb used=4471Kb max_used=4471Kb free=241288Kb
 bounds [0x0000000002310000, 0x0000000002770000, 0x0000000011310000]
 total_blobs=1744 nmethods=1372 adapters=281
 compilation: enabled

Compilation events (10 events):
Event: 0.835 Thread 0x00000000584ed800 nmethod 1372 0x0000000002769fd0 code [0x000000000276a180, 0x000000000276a778]
Event: 0.835 Thread 0x00000000584ed800 1373       3       java.lang.ThreadLocal::get (38 bytes)
Event: 0.835 Thread 0x00000000584ed800 nmethod 1373 0x0000000002769910 code [0x0000000002769aa0, 0x0000000002769e28]
Event: 0.835 Thread 0x00000000584ed800 1374       3       java.lang.ThreadLocal$ThreadLocalMap::access$000 (6 bytes)
Event: 0.835 Thread 0x00000000584ed800 nmethod 1374 0x0000000002769550 code [0x00000000027696c0, 0x0000000002769828]
Event: 0.835 Thread 0x00000000584ed800 1375  s    1       java.lang.StringBuffer::length (5 bytes)
Event: 0.835 Thread 0x00000000584ed800 nmethod 1375 0x0000000002769110 code [0x0000000002769260, 0x00000000027694d0]
Event: 0.836 Thread 0x00000000584ed800 1376       1       ch.qos.logback.core.pattern.Converter::getNext (5 bytes)
Event: 0.836 Thread 0x00000000584ed800 nmethod 1376 0x0000000002768e50 code [0x0000000002768fa0, 0x00000000027690b0]
Event: 0.839 Thread 0x00000000584cb000 1377       4       java.io.WinNTFileSystem::normalize (143 bytes)

GC Heap History (4 events):
Event: 0.513 GC heap before
{Heap before GC invocations=1 (full 0):
 PSYoungGen      total 38400K, used 33280K [0x00000000d5f00000, 0x00000000d8980000, 0x0000000100000000)
  eden space 33280K, 100% used [0x00000000d5f00000,0x00000000d7f80000,0x00000000d7f80000)
  from space 5120K, 0% used [0x00000000d8480000,0x00000000d8480000,0x00000000d8980000)
  to   space 5120K, 0% used [0x00000000d7f80000,0x00000000d7f80000,0x00000000d8480000)
 ParOldGen       total 87552K, used 0K [0x0000000081c00000, 0x0000000087180000, 0x00000000d5f00000)
  object space 87552K, 0% used [0x0000000081c00000,0x0000000081c00000,0x0000000087180000)
 Metaspace       used 11434K, capacity 11778K, committed 12032K, reserved 1060864K
  class space    used 1382K, capacity 1503K, committed 1536K, reserved 1048576K
Event: 0.517 GC heap after
Heap after GC invocations=1 (full 0):
 PSYoungGen      total 38400K, used 5100K [0x00000000d5f00000, 0x00000000d8980000, 0x0000000100000000)
  eden space 33280K, 0% used [0x00000000d5f00000,0x00000000d5f00000,0x00000000d7f80000)
  from space 5120K, 99% used [0x00000000d7f80000,0x00000000d847b350,0x00000000d8480000)
  to   space 5120K, 0% used [0x00000000d8480000,0x00000000d8480000,0x00000000d8980000)
 ParOldGen       total 87552K, used 862K [0x0000000081c00000, 0x0000000087180000, 0x00000000d5f00000)
  object space 87552K, 0% used [0x0000000081c00000,0x0000000081cd7830,0x0000000087180000)
 Metaspace       used 11434K, capacity 11778K, committed 12032K, reserved 1060864K
  class space    used 1382K, capacity 1503K, committed 1536K, reserved 1048576K
}
Event: 0.697 GC heap before
{Heap before GC invocations=2 (full 0):
 PSYoungGen      total 38400K, used 38380K [0x00000000d5f00000, 0x00000000d8980000, 0x0000000100000000)
  eden space 33280K, 100% used [0x00000000d5f00000,0x00000000d7f80000,0x00000000d7f80000)
  from space 5120K, 99% used [0x00000000d7f80000,0x00000000d847b350,0x00000000d8480000)
  to   space 5120K, 0% used [0x00000000d8480000,0x00000000d8480000,0x00000000d8980000)
 ParOldGen       total 87552K, used 862K [0x0000000081c00000, 0x0000000087180000, 0x00000000d5f00000)
  object space 87552K, 0% used [0x0000000081c00000,0x0000000081cd7830,0x0000000087180000)
 Metaspace       used 15195K, capacity 15714K, committed 16000K, reserved 1062912K
  class space    used 2006K, capacity 2121K, committed 2176K, reserved 1048576K
Event: 0.705 GC heap after
Heap after GC invocations=2 (full 0):
 PSYoungGen      total 38400K, used 5119K [0x00000000d5f00000, 0x00000000daa00000, 0x0000000100000000)
  eden space 33280K, 0% used [0x00000000d5f00000,0x00000000d5f00000,0x00000000d7f80000)
  from space 5120K, 99% used [0x00000000d8480000,0x00000000d897fe50,0x00000000d8980000)
  to   space 5120K, 0% used [0x00000000d7f80000,0x00000000d7f80000,0x00000000d8480000)
 ParOldGen       total 87552K, used 2672K [0x0000000081c00000, 0x0000000087180000, 0x00000000d5f00000)
  object space 87552K, 3% used [0x0000000081c00000,0x0000000081e9c000,0x0000000087180000)
 Metaspace       used 15195K, capacity 15714K, committed 16000K, reserved 1062912K
  class space    used 2006K, capacity 2121K, committed 2176K, reserved 1048576K
}

Deoptimization events (10 events):
Event: 0.370 Thread 0x0000000001d5e800 Uncommon trap: reason=unstable_if action=reinterpret pc=0x0000000002569828 method=java.util.HashMap.getNode(ILjava/lang/Object;)Ljava/util/HashMap$Node; @ 129
Event: 0.396 Thread 0x0000000001d5e800 Uncommon trap: reason=unstable_if action=reinterpret pc=0x00000000024a0aec method=java.lang.String.indexOf([CII[CIII)I @ 3
Event: 0.404 Thread 0x0000000059962800 Uncommon trap: reason=range_check action=make_not_entrant pc=0x00000000025a2710 method=sun.reflect.generics.parser.SignatureParser.current()C @ 34
Event: 0.610 Thread 0x0000000001d5e800 Uncommon trap: reason=unstable_if action=reinterpret pc=0x000000000263f140 method=java.io.WinNTFileSystem.normalize(Ljava/lang/String;II)Ljava/lang/String; @ 90
Event: 0.612 Thread 0x0000000001d5e800 Uncommon trap: reason=unstable_if action=reinterpret pc=0x0000000002583528 method=java.util.HashMap.hash(Ljava/lang/Object;)I @ 1
Event: 0.612 Thread 0x0000000001d5e800 Uncommon trap: reason=unstable_if action=reinterpret pc=0x0000000002466b08 method=sun.nio.cs.UTF_8$Encoder.encode([CII[B)I @ 33
Event: 0.664 Thread 0x0000000059962800 Uncommon trap: reason=class_check action=maybe_recompile pc=0x00000000026a9b94 method=java.util.HashMap.putVal(ILjava/lang/Object;Ljava/lang/Object;ZZ)Ljava/lang/Object; @ 203
Event: 0.677 Thread 0x0000000059962800 Uncommon trap: reason=class_check action=maybe_recompile pc=0x00000000026a9b94 method=java.util.HashMap.putVal(ILjava/lang/Object;Ljava/lang/Object;ZZ)Ljava/lang/Object; @ 203
Event: 0.678 Thread 0x0000000059962800 Uncommon trap: reason=class_check action=maybe_recompile pc=0x00000000026a9b94 method=java.util.HashMap.putVal(ILjava/lang/Object;Ljava/lang/Object;ZZ)Ljava/lang/Object; @ 203
Event: 0.747 Thread 0x0000000001d5e800 Uncommon trap: reason=unstable_if action=reinterpret pc=0x000000000243ea00 method=java.lang.CharacterData.of(I)Ljava/lang/CharacterData; @ 4

Classes redefined (0 events):
No events

Internal exceptions (10 events):
Event: 0.724 Thread 0x0000000001d5e800 Exception <a 'java/lang/ClassNotFoundException': org/springframework/context/annotation/ConfigurationClassPostProcessorCustomizer> (0x00000000d61fd170) thrown at [C:\re\workspace\8-2-build-windows-amd64-cygwin\jdk8u161\10277\hotspot\src\share\vm\classfile
Event: 0.727 Thread 0x0000000001d5e800 Exception <a 'java/lang/ClassNotFoundException': org/springframework/beans/factory/support/BeanDefinitionRegistryPostProcessorCustomizer> (0x00000000d62ad158) thrown at [C:\re\workspace\8-2-build-windows-amd64-cygwin\jdk8u161\10277\hotspot\src\share\vm\cl
Event: 0.727 Thread 0x0000000001d5e800 Exception <a 'java/lang/ClassNotFoundException': org/springframework/core/PriorityOrderedCustomizer> (0x00000000d62b9198) thrown at [C:\re\workspace\8-2-build-windows-amd64-cygwin\jdk8u161\10277\hotspot\src\share\vm\classfile\systemDictionary.cpp, line 21
Event: 0.727 Thread 0x0000000001d5e800 Exception <a 'java/lang/ClassNotFoundException': org/springframework/context/ResourceLoaderAwareCustomizer> (0x00000000d62c5118) thrown at [C:\re\workspace\8-2-build-windows-amd64-cygwin\jdk8u161\10277\hotspot\src\share\vm\classfile\systemDictionary.cpp, 
Event: 0.728 Thread 0x0000000001d5e800 Exception <a 'java/lang/ClassNotFoundException': org/springframework/beans/factory/BeanClassLoaderAwareCustomizer> (0x00000000d62d31e8) thrown at [C:\re\workspace\8-2-build-windows-amd64-cygwin\jdk8u161\10277\hotspot\src\share\vm\classfile\systemDictionar
Event: 0.728 Thread 0x0000000001d5e800 Exception <a 'java/lang/ClassNotFoundException': org/springframework/context/EnvironmentAwareCustomizer> (0x00000000d62dfdc0) thrown at [C:\re\workspace\8-2-build-windows-amd64-cygwin\jdk8u161\10277\hotspot\src\share\vm\classfile\systemDictionary.cpp, lin
Event: 0.731 Thread 0x0000000001d5e800 Exception <a 'java/lang/NoClassDefFoundError': org/reactivestreams/Publisher> (0x00000000d633ed68) thrown at [C:\re\workspace\8-2-build-windows-amd64-cygwin\jdk8u161\10277\hotspot\src\share\vm\classfile\systemDictionary.cpp, line 199]
Event: 0.732 Thread 0x0000000001d5e800 Exception <a 'java/lang/NoClassDefFoundError': rx/Observable> (0x00000000d6348778) thrown at [C:\re\workspace\8-2-build-windows-amd64-cygwin\jdk8u161\10277\hotspot\src\share\vm\classfile\systemDictionary.cpp, line 199]
Event: 0.732 Thread 0x0000000001d5e800 Exception <a 'java/lang/NoClassDefFoundError': org/reactivestreams/Publisher> (0x00000000d63538e8) thrown at [C:\re\workspace\8-2-build-windows-amd64-cygwin\jdk8u161\10277\hotspot\src\share\vm\classfile\systemDictionary.cpp, line 199]
Event: 0.811 Thread 0x0000000001d5e800 Exception <a 'java/lang/OutOfMemoryError': unable to create new native thread> (0x00000000d6e615b8) thrown at [C:\re\workspace\8-2-build-windows-amd64-cygwin\jdk8u161\10277\hotspot\src\share\vm\prims\jvm.cpp, line 3033]

Events (10 events):
Event: 0.852 loading class com/fasterxml/jackson/databind/deser/std/TokenBufferDeserializer
Event: 0.852 loading class com/fasterxml/jackson/databind/deser/std/TokenBufferDeserializer done
Event: 0.852 loading class com/fasterxml/jackson/databind/deser/ValueInstantiator
Event: 0.852 loading class com/fasterxml/jackson/databind/deser/ValueInstantiator done
Event: 0.853 loading class com/fasterxml/jackson/databind/deser/std/JsonLocationInstantiator
Event: 0.853 loading class com/fasterxml/jackson/databind/deser/std/JsonLocationInstantiator done
Event: 0.853 loading class com/fasterxml/jackson/databind/deser/ValueInstantiator$Base
Event: 0.853 loading class com/fasterxml/jackson/databind/deser/ValueInstantiator$Base done
Event: 0.853 loading class com/fasterxml/jackson/databind/util/ConstantValueInstantiator
Event: 0.853 loading class com/fasterxml/jackson/databind/util/ConstantValueInstantiator done


Dynamic libraries:
0x000000013fcc0000 - 0x000000013fcf7000 	C:\Program Files\Java\jdk1.8.0_161\bin\javaw.exe
0x0000000076cd0000 - 0x0000000076e78000 	C:\Windows\SYSTEM32\ntdll.dll
0x0000000076bb0000 - 0x0000000076ccf000 	C:\Windows\system32\kernel32.dll
0x000007fefcf40000 - 0x000007fefcfac000 	C:\Windows\system32\KERNELBASE.dll
0x000007fefe290000 - 0x000007fefe36b000 	C:\Windows\system32\ADVAPI32.dll
0x000007fefe4a0000 - 0x000007fefe53f000 	C:\Windows\system32\msvcrt.dll
0x000007fefe5e0000 - 0x000007fefe5ff000 	C:\Windows\SYSTEM32\sechost.dll
0x000007fefe370000 - 0x000007fefe49d000 	C:\Windows\system32\RPCRT4.dll
0x0000000076ab0000 - 0x0000000076baa000 	C:\Windows\system32\USER32.dll
0x000007fefeed0000 - 0x000007fefef37000 	C:\Windows\system32\GDI32.dll
0x000007fefd4f0000 - 0x000007fefd4fe000 	C:\Windows\system32\LPK.dll
0x000007fefeba0000 - 0x000007fefec69000 	C:\Windows\system32\USP10.dll
0x000007fefb430000 - 0x000007fefb624000 	C:\Windows\WinSxS\amd64_microsoft.windows.common-controls_6595b64144ccf1df_6.0.7601.18837_none_fa3b1e3d17594757\COMCTL32.dll
0x000007fefd150000 - 0x000007fefd1c1000 	C:\Windows\system32\SHLWAPI.dll
0x000007fefd3d0000 - 0x000007fefd3fe000 	C:\Windows\system32\IMM32.DLL
0x000007fefd040000 - 0x000007fefd149000 	C:\Windows\system32\MSCTF.dll
0x0000000073940000 - 0x0000000073a12000 	C:\Program Files\Java\jdk1.8.0_161\jre\bin\msvcr100.dll
0x000000006eb10000 - 0x000000006f3af000 	C:\Program Files\Java\jdk1.8.0_161\jre\bin\server\jvm.dll
0x000007fef3ad0000 - 0x000007fef3ad9000 	C:\Windows\system32\WSOCK32.dll
0x000007fefcff0000 - 0x000007fefd03d000 	C:\Windows\system32\WS2_32.dll
0x000007fefd4e0000 - 0x000007fefd4e8000 	C:\Windows\system32\NSI.dll
0x000007fefa850000 - 0x000007fefa88b000 	C:\Windows\system32\WINMM.dll
0x000007fefbd50000 - 0x000007fefbd5c000 	C:\Windows\system32\VERSION.dll
0x0000000076ea0000 - 0x0000000076ea7000 	C:\Windows\system32\PSAPI.DLL
0x0000000073af0000 - 0x0000000073aff000 	C:\Program Files\Java\jdk1.8.0_161\jre\bin\verify.dll
0x0000000073ac0000 - 0x0000000073ae9000 	C:\Program Files\Java\jdk1.8.0_161\jre\bin\java.dll
0x0000000073a60000 - 0x0000000073a76000 	C:\Program Files\Java\jdk1.8.0_161\jre\bin\zip.dll
0x000007fefd500000 - 0x000007fefe288000 	C:\Windows\system32\SHELL32.dll
0x000007fefe600000 - 0x000007fefe803000 	C:\Windows\system32\ole32.dll
0x000007fefcc20000 - 0x000007fefcc2f000 	C:\Windows\system32\profapi.dll
0x00000000733c0000 - 0x00000000733cd000 	C:\Program Files\Java\jdk1.8.0_161\jre\bin\management.dll
0x0000000073a40000 - 0x0000000073a5a000 	C:\Program Files\Java\jdk1.8.0_161\jre\bin\net.dll
0x000007fefc510000 - 0x000007fefc565000 	C:\Windows\system32\mswsock.dll
0x000007fefc500000 - 0x000007fefc507000 	C:\Windows\System32\wship6.dll
0x000007fefab30000 - 0x000007fefab45000 	C:\Windows\system32\NLAapi.dll
0x000007fef85c0000 - 0x000007fef85d5000 	C:\Windows\system32\napinsp.dll
0x000007fef85a0000 - 0x000007fef85b9000 	C:\Windows\system32\pnrpnsp.dll
0x000007fefc390000 - 0x000007fefc3eb000 	C:\Windows\system32\DNSAPI.dll
0x000007fef8590000 - 0x000007fef859b000 	C:\Windows\System32\winrnr.dll
0x000007fefbe20000 - 0x000007fefbe27000 	C:\Windows\System32\wshtcpip.dll
0x000007fefa300000 - 0x000007fefa327000 	C:\Windows\system32\IPHLPAPI.DLL
0x000007fefa2e0000 - 0x000007fefa2eb000 	C:\Windows\system32\WINNSI.DLL
0x000007fef89f0000 - 0x000007fef89f8000 	C:\Windows\system32\rasadhlp.dll
0x000007fefa170000 - 0x000007fefa1c3000 	C:\Windows\System32\fwpuclnt.dll
0x0000000073a20000 - 0x0000000073a31000 	C:\Program Files\Java\jdk1.8.0_161\jre\bin\nio.dll

VM Arguments:
jvm_args: -Dfile.encoding=UTF-8 
java_command: com.psring.startSB.StartSB
java_class_path (initial): D:\开发工具\tio\FirstSB\target\classes;D:\maven-repository\org\springframework\boot\spring-boot-starter-web\2.0.1.RELEASE\spring-boot-starter-web-2.0.1.RELEASE.jar;D:\maven-repository\org\springframework\boot\spring-boot-starter\2.0.1.RELEASE\spring-boot-starter-2.0.1.RELEASE.jar;D:\maven-repository\org\springframework\boot\spring-boot\2.0.1.RELEASE\spring-boot-2.0.1.RELEASE.jar;D:\maven-repository\org\springframework\boot\spring-boot-autoconfigure\2.0.1.RELEASE\spring-boot-autoconfigure-2.0.1.RELEASE.jar;D:\maven-repository\org\springframework\boot\spring-boot-starter-logging\2.0.1.RELEASE\spring-boot-starter-logging-2.0.1.RELEASE.jar;D:\maven-repository\ch\qos\logback\logback-classic\1.2.3\logback-classic-1.2.3.jar;D:\maven-repository\ch\qos\logback\logback-core\1.2.3\logback-core-1.2.3.jar;D:\maven-repository\org\slf4j\slf4j-api\1.7.25\slf4j-api-1.7.25.jar;D:\maven-repository\org\apache\logging\log4j\log4j-to-slf4j\2.10.0\log4j-to-slf4j-2.10.0.jar;D:\maven-repository\org\apache\logging\log4j\log4j-api\2.10.0\log4j-api-2.10.0.jar;D:\maven-repository\org\slf4j\jul-to-slf4j\1.7.25\jul-to-slf4j-1.7.25.jar;D:\maven-repository\javax\annotation\javax.annotation-api\1.3.2\javax.annotation-api-1.3.2.jar;D:\maven-repository\org\springframework\spring-core\5.0.5.RELEASE\spring-core-5.0.5.RELEASE.jar;D:\maven-repository\org\springframework\spring-jcl\5.0.5.RELEASE\spring-jcl-5.0.5.RELEASE.jar;D:\maven-repository\org\yaml\snakeyaml\1.19\snakeyaml-1.19.jar;D:\maven-repository\org\springframework\boot\spring-boot-starter-json\2.0.1.RELEASE\spring-boot-starter-json-2.0.1.RELEASE.jar;D:\maven-repository\com\fasterxml\jackson\core\jackson-databind\2.9.5\jackson-databind-2.9.5.jar;D:\maven-repository\com\fasterxml\jackson\core\jackson-annotations\2.9.0\jackson-annotations-2.9.0.jar;D:\maven-repository\com\fasterxml\jackson\core\jackson-core\2.9.5\jackson-core-2.9.5.jar;D:\maven-repository\com\fasterxml\jackson\datatype\jackson-datatype-jdk8\2.9.5\jackso
Launcher Type: SUN_STANDARD

Environment Variables:
JAVA_HOME=C:\Program Files\Java\jdk1.8.0_161
PATH=C:/Program Files/Java/jdk1.8.0_161/bin/../jre/bin/server;C:/Program Files/Java/jdk1.8.0_161/bin/../jre/bin;C:/Program Files/Java/jdk1.8.0_161/bin/../jre/lib/amd64;C:\Program Files\Java\jdk1.8.0_161\bin;C:\Program Files\Java\jdk1.8.0_161\jre\bin;C:\Windows\system32;C:\Windows;C:\Windows\System32\Wbem;C:\Windows\System32\WindowsPowerShell\v1.0\;D:\maven-3.5.3\bin\;D:\mysql-5.6.39-winx64\bin;C:\Program Files (x86)\Microsoft SQL Server\100\Tools\Binn\;C:\Program Files\Microsoft SQL Server\100\Tools\Binn\;C:\Program Files\Microsoft SQL Server\100\DTS\Binn\;C:\Program Files (x86)\Microsoft SQL Server\100\Tools\Binn\VSShell\Common7\IDE\;C:\Program Files (x86)\Microsoft Visual Studio 9.0\Common7\IDE\PrivateAssemblies\;C:\Program Files (x86)\Microsoft SQL Server\100\DTS\Binn\;D:\开发工具\2018-4-12\apache-tomcat-8.5.14\lib;D:\开发工具\2018-4-12\apache-tomcat-8.5.14\bin;C:\Program Files\TortoiseSVN\bin;C:\Program Files (x86)\Google\Chrome\Application;C:\Program Files\Git\cmd;C:\Program Files\nodejs\;C:\Users\Administrator\AppData\Roaming\npm;D:\开发工具\eclipse;
USERNAME=Administrator
OS=Windows_NT
PROCESSOR_IDENTIFIER=Intel64 Family 6 Model 158 Stepping 9, GenuineIntel



---------------  S Y S T E M  ---------------

OS: Windows 7 , 64 bit Build 7601 (6.1.7601.18847)

CPU:total 4 (initial active 4) (4 cores per cpu, 1 threads per core) family 6 model 158 stepping 9, cmov, cx8, fxsr, mmx, sse, sse2, sse3, ssse3, sse4.1, sse4.2, popcnt, avx, avx2, aes, clmul, erms, 3dnowpref, lzcnt, tsc, tscinvbit, bmi1, bmi2, adx

Memory: 4k page, physical 8272808k(1317280k free), swap 8270956k(4668k free)

vm_info: Java HotSpot(TM) 64-Bit Server VM (25.161-b12) for windows-amd64 JRE (1.8.0_161-b12), built on Dec 19 2017 17:52:25 by "java_re" with MS VC++ 10.0 (VS2010)

time: Wed May 09 17:30:44 2018
elapsed time: 0 seconds (0d 0h 0m 0s)

